android/app/build/intermediates/manifest_merge_blame_file/debug/manifest-merger-blame-debug-report.txt
1<?xml version="1.0" encoding="utf-8"?>
2<manifest xmlns:android="http://schemas.android.com/apk/res/android"
3    package="com.example.jobportal"
4    android:versionCode="1"
5    android:versionName="1.0" >
6
7    <uses-sdk
8        android:minSdkVersion="26"
9        android:targetSdkVersion="34" />
10
11    <uses-permission android:name="android.permission.INTERNET" />
11-->src/main/AndroidManifest.xml:5:5-67
11-->src/main/AndroidManifest.xml:5:22-64
12    <uses-permission android:name="android.permission.ACCESS_NETWORK_STATE" />
12-->src/main/AndroidManifest.xml:6:5-79
12-->src/main/AndroidManifest.xml:6:22-76
13    <uses-permission android:name="android.permission.POST_NOTIFICATIONS" />
13-->src/main/AndroidManifest.xml:7:5-77
13-->src/main/AndroidManifest.xml:7:22-74
14    <uses-permission android:name="android.permission.READ_CONTACTS" />
14-->src/main/AndroidManifest.xml:8:5-72
14-->src/main/AndroidManifest.xml:8:22-69
15    <uses-permission
15-->src/main/AndroidManifest.xml:9:5-107
16        android:name="android.permission.READ_EXTERNAL_STORAGE"
16-->src/main/AndroidManifest.xml:9:22-77
17        android:maxSdkVersion="32" />
17-->src/main/AndroidManifest.xml:9:78-104
18    <uses-permission
18-->src/main/AndroidManifest.xml:10:5-108
19        android:name="android.permission.WRITE_EXTERNAL_STORAGE"
19-->src/main/AndroidManifest.xml:10:22-78
20        android:maxSdkVersion="28" />
20-->src/main/AndroidManifest.xml:10:79-105
21    <uses-permission android:name="android.permission.WAKE_LOCK" /> <!-- Required by older versions of Google Play services to create IID tokens -->
21-->[com.google.firebase:firebase-messaging:23.4.1] AndroidManifest.xml:24:5-68
21-->[com.google.firebase:firebase-messaging:23.4.1] AndroidManifest.xml:24:22-65
22    <uses-permission android:name="com.google.android.c2dm.permission.RECEIVE" />
22-->[com.google.firebase:firebase-messaging:23.4.1] AndroidManifest.xml:26:5-82
22-->[com.google.firebase:firebase-messaging:23.4.1] AndroidManifest.xml:26:22-79
23    <uses-permission android:name="com.google.android.providers.gsf.permission.READ_GSERVICES" />
23-->[com.google.android.recaptcha:recaptcha:18.4.0] AndroidManifest.xml:9:5-98
23-->[com.google.android.recaptcha:recaptcha:18.4.0] AndroidManifest.xml:9:22-95
24
25    <permission
25-->[androidx.core:core:1.12.0] AndroidManifest.xml:22:5-24:47
26        android:name="com.example.jobportal.DYNAMIC_RECEIVER_NOT_EXPORTED_PERMISSION"
26-->[androidx.core:core:1.12.0] AndroidManifest.xml:23:9-81
27        android:protectionLevel="signature" />
27-->[androidx.core:core:1.12.0] AndroidManifest.xml:24:9-44
28
29    <uses-permission android:name="com.example.jobportal.DYNAMIC_RECEIVER_NOT_EXPORTED_PERMISSION" />
29-->[androidx.core:core:1.12.0] AndroidManifest.xml:26:5-97
29-->[androidx.core:core:1.12.0] AndroidManifest.xml:26:22-94
30
31    <application
31-->src/main/AndroidManifest.xml:12:5-64:19
32        android:allowBackup="true"
32-->src/main/AndroidManifest.xml:13:9-35
33        android:appComponentFactory="androidx.core.app.CoreComponentFactory"
33-->[androidx.core:core:1.12.0] AndroidManifest.xml:28:18-86
34        android:debuggable="true"
35        android:enableOnBackInvokedCallback="true"
35-->src/main/AndroidManifest.xml:20:9-51
36        android:extractNativeLibs="false"
37        android:icon="@mipmap/ic_launcher"
37-->src/main/AndroidManifest.xml:14:9-43
38        android:label="@string/app_name"
38-->src/main/AndroidManifest.xml:15:9-41
39        android:networkSecurityConfig="@xml/network_security_config"
39-->src/main/AndroidManifest.xml:21:9-69
40        android:roundIcon="@mipmap/ic_launcher_round"
40-->src/main/AndroidManifest.xml:16:9-54
41        android:supportsRtl="true"
41-->src/main/AndroidManifest.xml:17:9-35
42        android:testOnly="true"
43        android:theme="@style/Theme.JobPortal"
43-->src/main/AndroidManifest.xml:18:9-47
44        android:usesCleartextTraffic="true" >
44-->src/main/AndroidManifest.xml:19:9-44
45        <activity
45-->src/main/AndroidManifest.xml:23:9-25:40
46            android:name="com.example.jobportal.MainActivity"
46-->src/main/AndroidManifest.xml:24:13-41
47            android:exported="false" />
47-->src/main/AndroidManifest.xml:25:13-37
48        <activity
48-->src/main/AndroidManifest.xml:27:9-34:20
49            android:name="com.example.jobportal.auth.LoginActivity"
49-->src/main/AndroidManifest.xml:28:13-47
50            android:exported="true" >
50-->src/main/AndroidManifest.xml:29:13-36
51            <intent-filter>
51-->src/main/AndroidManifest.xml:30:13-33:29
52                <action android:name="android.intent.action.MAIN" />
52-->src/main/AndroidManifest.xml:31:17-69
52-->src/main/AndroidManifest.xml:31:25-66
53
54                <category android:name="android.intent.category.LAUNCHER" />
54-->src/main/AndroidManifest.xml:32:17-77
54-->src/main/AndroidManifest.xml:32:27-74
55            </intent-filter>
56        </activity>
57        <activity
57-->src/main/AndroidManifest.xml:36:9-38:40
58            android:name="com.example.jobportal.auth.RegisterActivity"
58-->src/main/AndroidManifest.xml:37:13-50
59            android:exported="false" />
59-->src/main/AndroidManifest.xml:38:13-37
60        <activity
60-->src/main/AndroidManifest.xml:40:9-42:40
61            android:name="com.example.jobportal.auth.ForgotPasswordActivity"
61-->src/main/AndroidManifest.xml:41:13-56
62            android:exported="false" />
62-->src/main/AndroidManifest.xml:42:13-37
63        <activity
63-->src/main/AndroidManifest.xml:44:9-46:40
64            android:name="com.example.jobportal.auth.ProfileActivity"
64-->src/main/AndroidManifest.xml:45:13-49
65            android:exported="false" />
65-->src/main/AndroidManifest.xml:46:13-37
66        <activity
66-->src/main/AndroidManifest.xml:48:9-50:40
67            android:name="com.example.jobportal.ui.jobs.AvailableJobsActivity"
67-->src/main/AndroidManifest.xml:49:13-58
68            android:exported="false" />
68-->src/main/AndroidManifest.xml:50:13-37
69        <activity
69-->src/main/AndroidManifest.xml:52:9-54:40
70            android:name="com.example.jobportal.ui.applications.AppliedJobsActivity"
70-->src/main/AndroidManifest.xml:53:13-64
71            android:exported="false" />
71-->src/main/AndroidManifest.xml:54:13-37
72        <activity
72-->src/main/AndroidManifest.xml:56:9-58:40
73            android:name="com.example.jobportal.ui.notifications.NotificationsActivity"
73-->src/main/AndroidManifest.xml:57:13-67
74            android:exported="false" />
74-->src/main/AndroidManifest.xml:58:13-37
75        <activity
75-->src/main/AndroidManifest.xml:60:9-62:40
76            android:name="com.example.jobportal.auth.ChangePasswordActivity"
76-->src/main/AndroidManifest.xml:61:13-56
77            android:exported="false" />
77-->src/main/AndroidManifest.xml:62:13-37
78
79        <provider
79-->[androidx.emoji2:emoji2:1.2.0] AndroidManifest.xml:24:9-32:20
80            android:name="androidx.startup.InitializationProvider"
80-->[androidx.emoji2:emoji2:1.2.0] AndroidManifest.xml:25:13-67
81            android:authorities="com.example.jobportal.androidx-startup"
81-->[androidx.emoji2:emoji2:1.2.0] AndroidManifest.xml:26:13-68
82            android:exported="false" >
82-->[androidx.emoji2:emoji2:1.2.0] AndroidManifest.xml:27:13-37
83            <meta-data
83-->[androidx.emoji2:emoji2:1.2.0] AndroidManifest.xml:29:13-31:52
84                android:name="androidx.emoji2.text.EmojiCompatInitializer"
84-->[androidx.emoji2:emoji2:1.2.0] AndroidManifest.xml:30:17-75
85                android:value="androidx.startup" />
85-->[androidx.emoji2:emoji2:1.2.0] AndroidManifest.xml:31:17-49
86            <meta-data
86-->[androidx.lifecycle:lifecycle-process:2.7.0] AndroidManifest.xml:29:13-31:52
87                android:name="androidx.lifecycle.ProcessLifecycleInitializer"
87-->[androidx.lifecycle:lifecycle-process:2.7.0] AndroidManifest.xml:30:17-78
88                android:value="androidx.startup" />
88-->[androidx.lifecycle:lifecycle-process:2.7.0] AndroidManifest.xml:31:17-49
89            <meta-data
89-->[androidx.profileinstaller:profileinstaller:1.3.0] AndroidManifest.xml:29:13-31:52
90                android:name="androidx.profileinstaller.ProfileInstallerInitializer"
90-->[androidx.profileinstaller:profileinstaller:1.3.0] AndroidManifest.xml:30:17-85
91                android:value="androidx.startup" />
91-->[androidx.profileinstaller:profileinstaller:1.3.0] AndroidManifest.xml:31:17-49
92        </provider>
93
94        <service
94-->[com.google.firebase:firebase-auth-ktx:22.3.1] AndroidManifest.xml:8:9-14:19
95            android:name="com.google.firebase.components.ComponentDiscoveryService"
95-->[com.google.firebase:firebase-auth-ktx:22.3.1] AndroidManifest.xml:9:13-84
96            android:directBootAware="true"
96-->[com.google.firebase:firebase-common:20.4.2] AndroidManifest.xml:32:13-43
97            android:exported="false" >
97-->[com.google.firebase:firebase-auth-ktx:22.3.1] AndroidManifest.xml:10:13-37
98            <meta-data
98-->[com.google.firebase:firebase-auth-ktx:22.3.1] AndroidManifest.xml:11:13-13:85
99                android:name="com.google.firebase.components:com.google.firebase.auth.ktx.FirebaseAuthLegacyRegistrar"
99-->[com.google.firebase:firebase-auth-ktx:22.3.1] AndroidManifest.xml:12:17-119
100                android:value="com.google.firebase.components.ComponentRegistrar" />
100-->[com.google.firebase:firebase-auth-ktx:22.3.1] AndroidManifest.xml:13:17-82
101            <meta-data
101-->[com.google.firebase:firebase-auth:22.3.1] AndroidManifest.xml:69:13-71:85
102                android:name="com.google.firebase.components:com.google.firebase.auth.FirebaseAuthRegistrar"
102-->[com.google.firebase:firebase-auth:22.3.1] AndroidManifest.xml:70:17-109
103                android:value="com.google.firebase.components.ComponentRegistrar" />
103-->[com.google.firebase:firebase-auth:22.3.1] AndroidManifest.xml:71:17-82
104            <meta-data
104-->[com.google.firebase:firebase-storage-ktx:20.3.0] AndroidManifest.xml:12:13-14:85
105                android:name="com.google.firebase.components:com.google.firebase.storage.ktx.FirebaseStorageLegacyRegistrar"
105-->[com.google.firebase:firebase-storage-ktx:20.3.0] AndroidManifest.xml:13:17-125
106                android:value="com.google.firebase.components.ComponentRegistrar" />
106-->[com.google.firebase:firebase-storage-ktx:20.3.0] AndroidManifest.xml:14:17-82
107            <meta-data
107-->[com.google.firebase:firebase-storage:20.3.0] AndroidManifest.xml:30:13-32:85
108                android:name="com.google.firebase.components:com.google.firebase.storage.FirebaseStorageKtxRegistrar"
108-->[com.google.firebase:firebase-storage:20.3.0] AndroidManifest.xml:31:17-118
109                android:value="com.google.firebase.components.ComponentRegistrar" />
109-->[com.google.firebase:firebase-storage:20.3.0] AndroidManifest.xml:32:17-82
110            <meta-data
110-->[com.google.firebase:firebase-storage:20.3.0] AndroidManifest.xml:33:13-35:85
111                android:name="com.google.firebase.components:com.google.firebase.storage.StorageRegistrar"
111-->[com.google.firebase:firebase-storage:20.3.0] AndroidManifest.xml:34:17-107
112                android:value="com.google.firebase.components.ComponentRegistrar" />
112-->[com.google.firebase:firebase-storage:20.3.0] AndroidManifest.xml:35:17-82
113            <meta-data
113-->[com.google.firebase:firebase-firestore-ktx:24.10.2] AndroidManifest.xml:12:13-14:85
114                android:name="com.google.firebase.components:com.google.firebase.firestore.ktx.FirebaseFirestoreLegacyRegistrar"
114-->[com.google.firebase:firebase-firestore-ktx:24.10.2] AndroidManifest.xml:13:17-129
115                android:value="com.google.firebase.components.ComponentRegistrar" />
115-->[com.google.firebase:firebase-firestore-ktx:24.10.2] AndroidManifest.xml:14:17-82
116            <meta-data
116-->[com.google.firebase:firebase-firestore:24.10.2] AndroidManifest.xml:17:13-19:85
117                android:name="com.google.firebase.components:com.google.firebase.firestore.FirebaseFirestoreKtxRegistrar"
117-->[com.google.firebase:firebase-firestore:24.10.2] AndroidManifest.xml:18:17-122
118                android:value="com.google.firebase.components.ComponentRegistrar" />
118-->[com.google.firebase:firebase-firestore:24.10.2] AndroidManifest.xml:19:17-82
119            <meta-data
119-->[com.google.firebase:firebase-firestore:24.10.2] AndroidManifest.xml:20:13-22:85
120                android:name="com.google.firebase.components:com.google.firebase.firestore.FirestoreRegistrar"
120-->[com.google.firebase:firebase-firestore:24.10.2] AndroidManifest.xml:21:17-111
121                android:value="com.google.firebase.components.ComponentRegistrar" />
121-->[com.google.firebase:firebase-firestore:24.10.2] AndroidManifest.xml:22:17-82
122            <meta-data
122-->[com.google.firebase:firebase-messaging-ktx:23.4.1] AndroidManifest.xml:26:13-28:85
123                android:name="com.google.firebase.components:com.google.firebase.messaging.ktx.FirebaseMessagingLegacyRegistrar"
123-->[com.google.firebase:firebase-messaging-ktx:23.4.1] AndroidManifest.xml:27:17-129
124                android:value="com.google.firebase.components.ComponentRegistrar" />
124-->[com.google.firebase:firebase-messaging-ktx:23.4.1] AndroidManifest.xml:28:17-82
125            <meta-data
125-->[com.google.firebase:firebase-messaging:23.4.1] AndroidManifest.xml:57:13-59:85
126                android:name="com.google.firebase.components:com.google.firebase.messaging.FirebaseMessagingKtxRegistrar"
126-->[com.google.firebase:firebase-messaging:23.4.1] AndroidManifest.xml:58:17-122
127                android:value="com.google.firebase.components.ComponentRegistrar" />
127-->[com.google.firebase:firebase-messaging:23.4.1] AndroidManifest.xml:59:17-82
128            <meta-data
128-->[com.google.firebase:firebase-messaging:23.4.1] AndroidManifest.xml:60:13-62:85
129                android:name="com.google.firebase.components:com.google.firebase.messaging.FirebaseMessagingRegistrar"
129-->[com.google.firebase:firebase-messaging:23.4.1] AndroidManifest.xml:61:17-119
130                android:value="com.google.firebase.components.ComponentRegistrar" />
130-->[com.google.firebase:firebase-messaging:23.4.1] AndroidManifest.xml:62:17-82
131            <meta-data
131-->[com.google.firebase:firebase-appcheck:17.1.2] AndroidManifest.xml:25:13-27:85
132                android:name="com.google.firebase.components:com.google.firebase.appcheck.FirebaseAppCheckKtxRegistrar"
132-->[com.google.firebase:firebase-appcheck:17.1.2] AndroidManifest.xml:26:17-120
133                android:value="com.google.firebase.components.ComponentRegistrar" />
133-->[com.google.firebase:firebase-appcheck:17.1.2] AndroidManifest.xml:27:17-82
134            <meta-data
134-->[com.google.firebase:firebase-appcheck:17.1.2] AndroidManifest.xml:28:13-30:85
135                android:name="com.google.firebase.components:com.google.firebase.appcheck.FirebaseAppCheckRegistrar"
135-->[com.google.firebase:firebase-appcheck:17.1.2] AndroidManifest.xml:29:17-117
136                android:value="com.google.firebase.components.ComponentRegistrar" />
136-->[com.google.firebase:firebase-appcheck:17.1.2] AndroidManifest.xml:30:17-82
137            <meta-data
137-->[com.google.firebase:firebase-crashlytics-ktx:18.6.2] AndroidManifest.xml:24:13-26:85
138                android:name="com.google.firebase.components:com.google.firebase.crashlytics.ktx.FirebaseCrashlyticsKtxRegistrar"
138-->[com.google.firebase:firebase-crashlytics-ktx:18.6.2] AndroidManifest.xml:25:17-130
139                android:value="com.google.firebase.components.ComponentRegistrar" />
139-->[com.google.firebase:firebase-crashlytics-ktx:18.6.2] AndroidManifest.xml:26:17-82
140            <meta-data
140-->[com.google.firebase:firebase-crashlytics:18.6.2] AndroidManifest.xml:15:13-17:85
141                android:name="com.google.firebase.components:com.google.firebase.crashlytics.FirebaseCrashlyticsKtxRegistrar"
141-->[com.google.firebase:firebase-crashlytics:18.6.2] AndroidManifest.xml:16:17-126
142                android:value="com.google.firebase.components.ComponentRegistrar" />
142-->[com.google.firebase:firebase-crashlytics:18.6.2] AndroidManifest.xml:17:17-82
143            <meta-data
143-->[com.google.firebase:firebase-crashlytics:18.6.2] AndroidManifest.xml:18:13-20:85
144                android:name="com.google.firebase.components:com.google.firebase.crashlytics.CrashlyticsRegistrar"
144-->[com.google.firebase:firebase-crashlytics:18.6.2] AndroidManifest.xml:19:17-115
145                android:value="com.google.firebase.components.ComponentRegistrar" />
145-->[com.google.firebase:firebase-crashlytics:18.6.2] AndroidManifest.xml:20:17-82
146            <meta-data
146-->[com.google.firebase:firebase-sessions:1.2.1] AndroidManifest.xml:29:13-31:85
147                android:name="com.google.firebase.components:com.google.firebase.sessions.FirebaseSessionsRegistrar"
147-->[com.google.firebase:firebase-sessions:1.2.1] AndroidManifest.xml:30:17-117
148                android:value="com.google.firebase.components.ComponentRegistrar" />
148-->[com.google.firebase:firebase-sessions:1.2.1] AndroidManifest.xml:31:17-82
149            <meta-data
149-->[com.google.firebase:firebase-installations:17.2.0] AndroidManifest.xml:15:13-17:85
150                android:name="com.google.firebase.components:com.google.firebase.installations.FirebaseInstallationsKtxRegistrar"
150-->[com.google.firebase:firebase-installations:17.2.0] AndroidManifest.xml:16:17-130
151                android:value="com.google.firebase.components.ComponentRegistrar" />
151-->[com.google.firebase:firebase-installations:17.2.0] AndroidManifest.xml:17:17-82
152            <meta-data
152-->[com.google.firebase:firebase-installations:17.2.0] AndroidManifest.xml:18:13-20:85
153                android:name="com.google.firebase.components:com.google.firebase.installations.FirebaseInstallationsRegistrar"
153-->[com.google.firebase:firebase-installations:17.2.0] AndroidManifest.xml:19:17-127
154                android:value="com.google.firebase.components.ComponentRegistrar" />
154-->[com.google.firebase:firebase-installations:17.2.0] AndroidManifest.xml:20:17-82
155            <meta-data
155-->[com.google.firebase:firebase-common-ktx:20.4.2] AndroidManifest.xml:12:13-14:85
156                android:name="com.google.firebase.components:com.google.firebase.ktx.FirebaseCommonLegacyRegistrar"
156-->[com.google.firebase:firebase-common-ktx:20.4.2] AndroidManifest.xml:13:17-116
157                android:value="com.google.firebase.components.ComponentRegistrar" />
157-->[com.google.firebase:firebase-common-ktx:20.4.2] AndroidManifest.xml:14:17-82
158            <meta-data
158-->[com.google.firebase:firebase-common:20.4.2] AndroidManifest.xml:35:13-37:85
159                android:name="com.google.firebase.components:com.google.firebase.FirebaseCommonKtxRegistrar"
159-->[com.google.firebase:firebase-common:20.4.2] AndroidManifest.xml:36:17-109
160                android:value="com.google.firebase.components.ComponentRegistrar" />
160-->[com.google.firebase:firebase-common:20.4.2] AndroidManifest.xml:37:17-82
161            <meta-data
161-->[com.google.firebase:firebase-datatransport:18.1.8] AndroidManifest.xml:27:13-29:85
162                android:name="com.google.firebase.components:com.google.firebase.datatransport.TransportRegistrar"
162-->[com.google.firebase:firebase-datatransport:18.1.8] AndroidManifest.xml:28:17-115
163                android:value="com.google.firebase.components.ComponentRegistrar" />
163-->[com.google.firebase:firebase-datatransport:18.1.8] AndroidManifest.xml:29:17-82
164        </service>
165
166        <activity
166-->[com.google.firebase:firebase-auth:22.3.1] AndroidManifest.xml:29:9-46:20
167            android:name="com.google.firebase.auth.internal.GenericIdpActivity"
167-->[com.google.firebase:firebase-auth:22.3.1] AndroidManifest.xml:30:13-80
168            android:excludeFromRecents="true"
168-->[com.google.firebase:firebase-auth:22.3.1] AndroidManifest.xml:31:13-46
169            android:exported="true"
169-->[com.google.firebase:firebase-auth:22.3.1] AndroidManifest.xml:32:13-36
170            android:launchMode="singleTask"
170-->[com.google.firebase:firebase-auth:22.3.1] AndroidManifest.xml:33:13-44
171            android:theme="@android:style/Theme.Translucent.NoTitleBar" >
171-->[com.google.firebase:firebase-auth:22.3.1] AndroidManifest.xml:34:13-72
172            <intent-filter>
172-->[com.google.firebase:firebase-auth:22.3.1] AndroidManifest.xml:35:13-45:29
173                <action android:name="android.intent.action.VIEW" />
173-->[com.google.firebase:firebase-auth:22.3.1] AndroidManifest.xml:36:17-69
173-->[com.google.firebase:firebase-auth:22.3.1] AndroidManifest.xml:36:25-66
174
175                <category android:name="android.intent.category.DEFAULT" />
175-->[com.google.firebase:firebase-auth:22.3.1] AndroidManifest.xml:38:17-76
175-->[com.google.firebase:firebase-auth:22.3.1] AndroidManifest.xml:38:27-73
176                <category android:name="android.intent.category.BROWSABLE" />
176-->[com.google.firebase:firebase-auth:22.3.1] AndroidManifest.xml:39:17-78
176-->[com.google.firebase:firebase-auth:22.3.1] AndroidManifest.xml:39:27-75
177
178                <data
178-->[com.google.firebase:firebase-auth:22.3.1] AndroidManifest.xml:41:17-44:51
179                    android:host="firebase.auth"
179-->[com.google.firebase:firebase-auth:22.3.1] AndroidManifest.xml:42:21-49
180                    android:path="/"
180-->[com.google.firebase:firebase-auth:22.3.1] AndroidManifest.xml:43:21-37
181                    android:scheme="genericidp" />
181-->[com.google.firebase:firebase-auth:22.3.1] AndroidManifest.xml:44:21-48
182            </intent-filter>
183        </activity>
184        <activity
184-->[com.google.firebase:firebase-auth:22.3.1] AndroidManifest.xml:47:9-64:20
185            android:name="com.google.firebase.auth.internal.RecaptchaActivity"
185-->[com.google.firebase:firebase-auth:22.3.1] AndroidManifest.xml:48:13-79
186            android:excludeFromRecents="true"
186-->[com.google.firebase:firebase-auth:22.3.1] AndroidManifest.xml:49:13-46
187            android:exported="true"
187-->[com.google.firebase:firebase-auth:22.3.1] AndroidManifest.xml:50:13-36
188            android:launchMode="singleTask"
188-->[com.google.firebase:firebase-auth:22.3.1] AndroidManifest.xml:51:13-44
189            android:theme="@android:style/Theme.Translucent.NoTitleBar" >
189-->[com.google.firebase:firebase-auth:22.3.1] AndroidManifest.xml:52:13-72
190            <intent-filter>
190-->[com.google.firebase:firebase-auth:22.3.1] AndroidManifest.xml:53:13-63:29
191                <action android:name="android.intent.action.VIEW" />
191-->[com.google.firebase:firebase-auth:22.3.1] AndroidManifest.xml:36:17-69
191-->[com.google.firebase:firebase-auth:22.3.1] AndroidManifest.xml:36:25-66
192
193                <category android:name="android.intent.category.DEFAULT" />
193-->[com.google.firebase:firebase-auth:22.3.1] AndroidManifest.xml:38:17-76
193-->[com.google.firebase:firebase-auth:22.3.1] AndroidManifest.xml:38:27-73
194                <category android:name="android.intent.category.BROWSABLE" />
194-->[com.google.firebase:firebase-auth:22.3.1] AndroidManifest.xml:39:17-78
194-->[com.google.firebase:firebase-auth:22.3.1] AndroidManifest.xml:39:27-75
195
196                <data
196-->[com.google.firebase:firebase-auth:22.3.1] AndroidManifest.xml:41:17-44:51
197                    android:host="firebase.auth"
197-->[com.google.firebase:firebase-auth:22.3.1] AndroidManifest.xml:42:21-49
198                    android:path="/"
198-->[com.google.firebase:firebase-auth:22.3.1] AndroidManifest.xml:43:21-37
199                    android:scheme="recaptcha" />
199-->[com.google.firebase:firebase-auth:22.3.1] AndroidManifest.xml:44:21-48
200            </intent-filter>
201        </activity>
202
203        <receiver
203-->[com.google.firebase:firebase-messaging:23.4.1] AndroidManifest.xml:29:9-40:20
204            android:name="com.google.firebase.iid.FirebaseInstanceIdReceiver"
204-->[com.google.firebase:firebase-messaging:23.4.1] AndroidManifest.xml:30:13-78
205            android:exported="true"
205-->[com.google.firebase:firebase-messaging:23.4.1] AndroidManifest.xml:31:13-36
206            android:permission="com.google.android.c2dm.permission.SEND" >
206-->[com.google.firebase:firebase-messaging:23.4.1] AndroidManifest.xml:32:13-73
207            <intent-filter>
207-->[com.google.firebase:firebase-messaging:23.4.1] AndroidManifest.xml:33:13-35:29
208                <action android:name="com.google.android.c2dm.intent.RECEIVE" />
208-->[com.google.firebase:firebase-messaging:23.4.1] AndroidManifest.xml:34:17-81
208-->[com.google.firebase:firebase-messaging:23.4.1] AndroidManifest.xml:34:25-78
209            </intent-filter>
210
211            <meta-data
211-->[com.google.firebase:firebase-messaging:23.4.1] AndroidManifest.xml:37:13-39:40
212                android:name="com.google.android.gms.cloudmessaging.FINISHED_AFTER_HANDLED"
212-->[com.google.firebase:firebase-messaging:23.4.1] AndroidManifest.xml:38:17-92
213                android:value="true" />
213-->[com.google.firebase:firebase-messaging:23.4.1] AndroidManifest.xml:39:17-37
214        </receiver>
215        <!--
216             FirebaseMessagingService performs security checks at runtime,
217             but set to not exported to explicitly avoid allowing another app to call it.
218        -->
219        <service
219-->[com.google.firebase:firebase-messaging:23.4.1] AndroidManifest.xml:46:9-53:19
220            android:name="com.google.firebase.messaging.FirebaseMessagingService"
220-->[com.google.firebase:firebase-messaging:23.4.1] AndroidManifest.xml:47:13-82
221            android:directBootAware="true"
221-->[com.google.firebase:firebase-messaging:23.4.1] AndroidManifest.xml:48:13-43
222            android:exported="false" >
222-->[com.google.firebase:firebase-messaging:23.4.1] AndroidManifest.xml:49:13-37
223            <intent-filter android:priority="-500" >
223-->[com.google.firebase:firebase-messaging:23.4.1] AndroidManifest.xml:50:13-52:29
223-->[com.google.firebase:firebase-messaging:23.4.1] AndroidManifest.xml:50:28-51
224                <action android:name="com.google.firebase.MESSAGING_EVENT" />
224-->[com.google.firebase:firebase-messaging:23.4.1] AndroidManifest.xml:51:17-78
224-->[com.google.firebase:firebase-messaging:23.4.1] AndroidManifest.xml:51:25-75
225            </intent-filter>
226        </service>
227
228        <activity
228-->[com.google.android.gms:play-services-base:18.1.0] AndroidManifest.xml:20:9-22:45
229            android:name="com.google.android.gms.common.api.GoogleApiActivity"
229-->[com.google.android.gms:play-services-base:18.1.0] AndroidManifest.xml:20:19-85
230            android:exported="false"
230-->[com.google.android.gms:play-services-base:18.1.0] AndroidManifest.xml:22:19-43
231            android:theme="@android:style/Theme.Translucent.NoTitleBar" />
231-->[com.google.android.gms:play-services-base:18.1.0] AndroidManifest.xml:21:19-78
232
233        <service
233-->[com.google.firebase:firebase-sessions:1.2.1] AndroidManifest.xml:22:9-25:40
234            android:name="com.google.firebase.sessions.SessionLifecycleService"
234-->[com.google.firebase:firebase-sessions:1.2.1] AndroidManifest.xml:23:13-80
235            android:enabled="true"
235-->[com.google.firebase:firebase-sessions:1.2.1] AndroidManifest.xml:24:13-35
236            android:exported="false" />
236-->[com.google.firebase:firebase-sessions:1.2.1] AndroidManifest.xml:25:13-37
237
238        <provider
238-->[com.google.firebase:firebase-common:20.4.2] AndroidManifest.xml:23:9-28:39
239            android:name="com.google.firebase.provider.FirebaseInitProvider"
239-->[com.google.firebase:firebase-common:20.4.2] AndroidManifest.xml:24:13-77
240            android:authorities="com.example.jobportal.firebaseinitprovider"
240-->[com.google.firebase:firebase-common:20.4.2] AndroidManifest.xml:25:13-72
241            android:directBootAware="true"
241-->[com.google.firebase:firebase-common:20.4.2] AndroidManifest.xml:26:13-43
242            android:exported="false"
242-->[com.google.firebase:firebase-common:20.4.2] AndroidManifest.xml:27:13-37
243            android:initOrder="100" />
243-->[com.google.firebase:firebase-common:20.4.2] AndroidManifest.xml:28:13-36
244
245        <service
245-->[androidx.room:room-runtime:2.6.1] AndroidManifest.xml:24:9-28:63
246            android:name="androidx.room.MultiInstanceInvalidationService"
246-->[androidx.room:room-runtime:2.6.1] AndroidManifest.xml:25:13-74
247            android:directBootAware="true"
247-->[androidx.room:room-runtime:2.6.1] AndroidManifest.xml:26:13-43
248            android:exported="false" />
248-->[androidx.room:room-runtime:2.6.1] AndroidManifest.xml:27:13-37
249
250        <uses-library
250-->[androidx.window:window:1.0.0] AndroidManifest.xml:25:9-27:40
251            android:name="androidx.window.extensions"
251-->[androidx.window:window:1.0.0] AndroidManifest.xml:26:13-54
252            android:required="false" />
252-->[androidx.window:window:1.0.0] AndroidManifest.xml:27:13-37
253        <uses-library
253-->[androidx.window:window:1.0.0] AndroidManifest.xml:28:9-30:40
254            android:name="androidx.window.sidecar"
254-->[androidx.window:window:1.0.0] AndroidManifest.xml:29:13-51
255            android:required="false" />
255-->[androidx.window:window:1.0.0] AndroidManifest.xml:30:13-37
256
257        <meta-data
257-->[com.google.android.gms:play-services-basement:18.3.0] AndroidManifest.xml:21:9-23:69